  2025-03-24 15:06:56 App\Events\AdminNotification ................... RUNNING
  2025-03-24 15:06:56 App\Events\AdminNotification .............. 35.19ms DONE
  2025-03-24 15:12:38 App\Events\AdminNotification ................... RUNNING
  2025-03-24 15:12:38 App\Events\AdminNotification .............. 28.62ms DONE
  2025-03-24 15:12:41 App\Events\AdminNotification ................... RUNNING
  2025-03-24 15:12:41 App\Events\AdminNotification ............... 5.41ms DONE
  2025-03-24 15:12:50 App\Events\AdminNotification ................... RUNNING
  2025-03-24 15:12:50 App\Events\AdminNotification ............... 3.79ms DONE
  2025-03-24 15:14:24 App\Events\AdminNotification ................... RUNNING
  2025-03-24 15:14:24 App\Events\AdminNotification ................... RUNNING
  2025-03-24 15:14:24 App\Events\AdminNotification ............... 7.44ms DONE
  2025-03-24 15:14:24 App\Events\AdminNotification ............... 7.04ms DONE
  2025-03-24 15:16:18 App\Events\AdminNotification  2025-03-24 15:16:18 App\Events\AdminNotification ................... RUNNING
 ................... RUNNING
  2025-03-24 15:16:18 App\Events\AdminNotification .............. 10.97ms DONE
  2025-03-24 15:16:18 App\Events\AdminNotification .............. 11.39ms DONE
  2025-03-24 15:16:33 App\Events\AdminNotification ................... RUNNING
  2025-03-24 15:16:33 App\Events\AdminNotification ................... RUNNING
  2025-03-24 15:16:33 App\Events\AdminNotification ............... 4.07ms DONE
  2025-03-24 15:16:33 App\Events\AdminNotification ............... 3.86ms DONE
  2025-03-24 15:16:39 App\Events\AdminNotification ................... RUNNING
  2025-03-24 15:16:39 App\Events\AdminNotification ................... RUNNING
  2025-03-24 15:16:39 App\Events\AdminNotification ............... 4.54ms DONE
  2025-03-24 15:16:39 App\Events\AdminNotification ................... RUNNING
  2025-03-24 15:16:39 App\Events\AdminNotification ............... 3.75ms DONE
  2025-03-24 15:16:39 App\Events\AdminNotification ................... RUNNING
  2025-03-24 15:16:39 App\Events\AdminNotification ............... 2.95ms DONE
  2025-03-24 15:16:39 App\Events\AdminNotification ............... 2.31ms DONE
  2025-03-24 15:16:45 App\Events\AdminNotification ................... RUNNING
  2025-03-24 15:16:45 App\Events\AdminNotification ................... RUNNING
  2025-03-24 15:16:45 App\Events\AdminNotification ............... 7.30ms DONE
  2025-03-24 15:16:45 App\Events\AdminNotification ............... 6.86ms DONE
  2025-03-24 15:16:45 App\Events\AdminNotification ................... RUNNING
  2025-03-24 15:16:45 App\Events\AdminNotification ................... RUNNING
  2025-03-24 15:16:45 App\Events\AdminNotification ............... 2.50ms DONE
  2025-03-24 15:16:45 App\Events\AdminNotification ............... 2.65ms DONE
  2025-03-24 15:16:45 App\Events\AdminNotification ................... RUNNING
  2025-03-24 15:16:45 App\Events\AdminNotification ................... RUNNING
  2025-03-24 15:16:45 App\Events\AdminNotification ............... 2.37ms DONE
  2025-03-24 15:16:45 App\Events\AdminNotification ............... 2.95ms DONE
  2025-03-24 15:19:36 App\Events\AdminNotification ................... RUNNING
  2025-03-24 15:19:36 App\Events\AdminNotification ................... RUNNING
  2025-03-24 15:19:36 App\Events\AdminNotification ............... 7.43ms DONE
  2025-03-24 15:19:36 App\Events\AdminNotification ............... 8.58ms DONE
  2025-03-24 15:22:33 App\Events\AdminNotification ................... RUNNING
  2025-03-24 15:22:33 App\Events\AdminNotification ............... 6.89ms DONE
  2025-03-24 15:22:33 App\Events\AdminNotification ................... RUNNING
  2025-03-24 15:22:33 App\Events\AdminNotification ............... 2.45ms DONE
  2025-03-24 15:22:36 App\Events\AdminNotification ................... RUNNING
  2025-03-24 15:22:36 App\Events\AdminNotification ............... 4.35ms DONE
  2025-03-24 15:22:36 App\Events\AdminNotification ................... RUNNING
  2025-03-24 15:22:36 App\Events\AdminNotification ............... 6.96ms DONE
  2025-03-24 15:22:42 App\Events\AdminNotification ................... RUNNING
  2025-03-24 15:22:42 App\Events\AdminNotification ................... RUNNING
  2025-03-24 15:22:42 App\Events\AdminNotification ............... 3.81ms DONE
  2025-03-24 15:22:42 App\Events\AdminNotification ............... 6.76ms DONE
  2025-03-24 15:22:45 App\Events\AdminNotification ................... RUNNING
  2025-03-24 15:22:45 App\Events\AdminNotification ................... RUNNING
  2025-03-24 15:22:45 App\Events\AdminNotification ............... 4.51ms DONE
  2025-03-24 15:22:45 App\Events\AdminNotification ............... 3.20ms DONE
  2025-03-24 15:22:48 App\Events\AdminNotification ................... RUNNING
  2025-03-24 15:22:48 App\Events\AdminNotification ................... RUNNING
  2025-03-24 15:22:48 App\Events\AdminNotification  2025-03-24 15:22:48 App\Events\AdminNotification ............... ............... 4.52ms DONE
 4.40ms DONE
